2020-10-18 11:34:27,593 0      [           main] DEBUG ache.ibatis.logging.LogFactory  - Logging initialized using 'class org.apache.ibatis.logging.log4j.Log4jImpl' adapter.
2020-10-18 11:34:27,667 74     [           main] DEBUG source.pooled.PooledDataSource  - PooledDataSource forcefully closed/removed all connections.
2020-10-18 11:34:27,667 74     [           main] DEBUG source.pooled.PooledDataSource  - PooledDataSource forcefully closed/removed all connections.
2020-10-18 11:34:27,667 74     [           main] DEBUG source.pooled.PooledDataSource  - PooledDataSource forcefully closed/removed all connections.
2020-10-18 11:34:27,667 74     [           main] DEBUG source.pooled.PooledDataSource  - PooledDataSource forcefully closed/removed all connections.
2020-10-18 11:39:23,527 0      [           main] DEBUG ache.ibatis.logging.LogFactory  - Logging initialized using 'class org.apache.ibatis.logging.log4j.Log4jImpl' adapter.
2020-10-18 11:39:23,600 73     [           main] DEBUG source.pooled.PooledDataSource  - PooledDataSource forcefully closed/removed all connections.
2020-10-18 11:39:23,600 73     [           main] DEBUG source.pooled.PooledDataSource  - PooledDataSource forcefully closed/removed all connections.
2020-10-18 11:39:23,600 73     [           main] DEBUG source.pooled.PooledDataSource  - PooledDataSource forcefully closed/removed all connections.
2020-10-18 11:39:23,600 73     [           main] DEBUG source.pooled.PooledDataSource  - PooledDataSource forcefully closed/removed all connections.
2020-10-18 11:55:34,025 0      [           main] DEBUG ache.ibatis.logging.LogFactory  - Logging initialized using 'class org.apache.ibatis.logging.log4j.Log4jImpl' adapter.
2020-10-18 11:55:34,102 77     [           main] DEBUG source.pooled.PooledDataSource  - PooledDataSource forcefully closed/removed all connections.
2020-10-18 11:55:34,102 77     [           main] DEBUG source.pooled.PooledDataSource  - PooledDataSource forcefully closed/removed all connections.
2020-10-18 11:55:34,102 77     [           main] DEBUG source.pooled.PooledDataSource  - PooledDataSource forcefully closed/removed all connections.
2020-10-18 11:55:34,102 77     [           main] DEBUG source.pooled.PooledDataSource  - PooledDataSource forcefully closed/removed all connections.
2020-10-18 11:55:34,163 138    [           main] DEBUG ansaction.jdbc.JdbcTransaction  - Opening JDBC Connection
2020-10-18 11:55:35,248 1223   [           main] DEBUG source.pooled.PooledDataSource  - Created connection 1031061344.
2020-10-18 11:55:35,249 1224   [           main] DEBUG ansaction.jdbc.JdbcTransaction  - Setting autocommit to false on JDBC Connection [com.mysql.jdbc.JDBC4Connection@3d74bf60]
2020-10-18 11:55:35,260 1235   [           main] DEBUG m.mybatis.dao.IUserDao.findAll  - ==>  Preparing: select * from user ; 
2020-10-18 11:55:35,287 1262   [           main] DEBUG m.mybatis.dao.IUserDao.findAll  - ==> Parameters: 
2020-10-18 11:55:35,312 1287   [           main] DEBUG m.mybatis.dao.IUserDao.findAll  - <==      Total: 4
2020-10-18 11:55:35,312 1287   [           main] DEBUG ansaction.jdbc.JdbcTransaction  - Resetting autocommit to true on JDBC Connection [com.mysql.jdbc.JDBC4Connection@3d74bf60]
2020-10-18 11:55:35,321 1296   [           main] DEBUG ansaction.jdbc.JdbcTransaction  - Closing JDBC Connection [com.mysql.jdbc.JDBC4Connection@3d74bf60]
2020-10-18 11:55:35,322 1297   [           main] DEBUG source.pooled.PooledDataSource  - Returned connection 1031061344 to pool.
2020-10-18 11:55:46,223 0      [           main] DEBUG ache.ibatis.logging.LogFactory  - Logging initialized using 'class org.apache.ibatis.logging.log4j.Log4jImpl' adapter.
2020-10-18 11:55:46,295 72     [           main] DEBUG source.pooled.PooledDataSource  - PooledDataSource forcefully closed/removed all connections.
2020-10-18 11:55:46,295 72     [           main] DEBUG source.pooled.PooledDataSource  - PooledDataSource forcefully closed/removed all connections.
2020-10-18 11:55:46,295 72     [           main] DEBUG source.pooled.PooledDataSource  - PooledDataSource forcefully closed/removed all connections.
2020-10-18 11:55:46,295 72     [           main] DEBUG source.pooled.PooledDataSource  - PooledDataSource forcefully closed/removed all connections.
2020-10-18 11:55:46,355 132    [           main] DEBUG ansaction.jdbc.JdbcTransaction  - Opening JDBC Connection
2020-10-18 11:55:47,406 1183   [           main] DEBUG source.pooled.PooledDataSource  - Created connection 957465255.
2020-10-18 11:55:47,406 1183   [           main] DEBUG ansaction.jdbc.JdbcTransaction  - Setting autocommit to false on JDBC Connection [com.mysql.jdbc.JDBC4Connection@3911c2a7]
2020-10-18 11:55:47,418 1195   [           main] DEBUG .mybatis.dao.IUserDao.saveUser  - ==>  Preparing: insert into user (username,birthday,sex,address) values(?,?,?,?); 
2020-10-18 11:55:47,446 1223   [           main] DEBUG .mybatis.dao.IUserDao.saveUser  - ==> Parameters: 果果(String), 2020-10-18 11:55:46.347(Timestamp), 女(String), 北京(String)
2020-10-18 11:55:47,466 1243   [           main] DEBUG .mybatis.dao.IUserDao.saveUser  - <==    Updates: 1
2020-10-18 11:55:47,466 1243   [           main] DEBUG ansaction.jdbc.JdbcTransaction  - Committing JDBC Connection [com.mysql.jdbc.JDBC4Connection@3911c2a7]
2020-10-18 11:55:47,478 1255   [           main] DEBUG ansaction.jdbc.JdbcTransaction  - Resetting autocommit to true on JDBC Connection [com.mysql.jdbc.JDBC4Connection@3911c2a7]
2020-10-18 11:55:47,487 1264   [           main] DEBUG ansaction.jdbc.JdbcTransaction  - Closing JDBC Connection [com.mysql.jdbc.JDBC4Connection@3911c2a7]
2020-10-18 11:55:47,487 1264   [           main] DEBUG source.pooled.PooledDataSource  - Returned connection 957465255 to pool.
2020-10-18 13:49:18,716 0      [           main] DEBUG ache.ibatis.logging.LogFactory  - Logging initialized using 'class org.apache.ibatis.logging.log4j.Log4jImpl' adapter.
2020-10-18 13:49:18,801 85     [           main] DEBUG source.pooled.PooledDataSource  - PooledDataSource forcefully closed/removed all connections.
2020-10-18 13:49:18,801 85     [           main] DEBUG source.pooled.PooledDataSource  - PooledDataSource forcefully closed/removed all connections.
2020-10-18 13:49:18,801 85     [           main] DEBUG source.pooled.PooledDataSource  - PooledDataSource forcefully closed/removed all connections.
2020-10-18 13:49:18,801 85     [           main] DEBUG source.pooled.PooledDataSource  - PooledDataSource forcefully closed/removed all connections.
2020-10-18 13:49:18,866 150    [           main] DEBUG ansaction.jdbc.JdbcTransaction  - Opening JDBC Connection
2020-10-18 13:49:19,997 1281   [           main] DEBUG source.pooled.PooledDataSource  - Created connection 957465255.
2020-10-18 13:49:19,998 1282   [           main] DEBUG ansaction.jdbc.JdbcTransaction  - Setting autocommit to false on JDBC Connection [com.mysql.jdbc.JDBC4Connection@3911c2a7]
2020-10-18 13:49:20,009 1293   [           main] DEBUG ybatis.dao.IUserDao.updateUser  - ==>  Preparing: insert user set id = ?,username = ?,birthday = ?,sex =?,address = ? where id = ?; 
2020-10-18 13:49:20,039 1323   [           main] DEBUG ybatis.dao.IUserDao.updateUser  - ==> Parameters: null, 果冻(String), 2020-10-18 13:49:18.859(Timestamp), 男(String), 北京(String), null
2020-10-18 13:49:20,060 1344   [           main] DEBUG ansaction.jdbc.JdbcTransaction  - Rolling back JDBC Connection [com.mysql.jdbc.JDBC4Connection@3911c2a7]
2020-10-18 13:49:20,070 1354   [           main] DEBUG ansaction.jdbc.JdbcTransaction  - Resetting autocommit to true on JDBC Connection [com.mysql.jdbc.JDBC4Connection@3911c2a7]
2020-10-18 13:49:20,080 1364   [           main] DEBUG ansaction.jdbc.JdbcTransaction  - Closing JDBC Connection [com.mysql.jdbc.JDBC4Connection@3911c2a7]
2020-10-18 13:49:20,080 1364   [           main] DEBUG source.pooled.PooledDataSource  - Returned connection 957465255 to pool.
2020-10-18 13:53:04,493 0      [           main] DEBUG ache.ibatis.logging.LogFactory  - Logging initialized using 'class org.apache.ibatis.logging.log4j.Log4jImpl' adapter.
2020-10-18 13:53:04,566 73     [           main] DEBUG source.pooled.PooledDataSource  - PooledDataSource forcefully closed/removed all connections.
2020-10-18 13:53:04,566 73     [           main] DEBUG source.pooled.PooledDataSource  - PooledDataSource forcefully closed/removed all connections.
2020-10-18 13:53:04,566 73     [           main] DEBUG source.pooled.PooledDataSource  - PooledDataSource forcefully closed/removed all connections.
2020-10-18 13:53:04,566 73     [           main] DEBUG source.pooled.PooledDataSource  - PooledDataSource forcefully closed/removed all connections.
2020-10-18 13:53:04,625 132    [           main] DEBUG ansaction.jdbc.JdbcTransaction  - Opening JDBC Connection
2020-10-18 13:53:05,722 1229   [           main] DEBUG source.pooled.PooledDataSource  - Created connection 957465255.
2020-10-18 13:53:05,722 1229   [           main] DEBUG ansaction.jdbc.JdbcTransaction  - Setting autocommit to false on JDBC Connection [com.mysql.jdbc.JDBC4Connection@3911c2a7]
2020-10-18 13:53:05,732 1239   [           main] DEBUG ybatis.dao.IUserDao.updateUser  - ==>  Preparing: insert user set username = ?,birthday = ?,sex =?,address = ? where id = ?; 
2020-10-18 13:53:05,764 1271   [           main] DEBUG ybatis.dao.IUserDao.updateUser  - ==> Parameters: 果冻(String), 2020-10-18 13:53:04.618(Timestamp), 男(String), 北京(String), 45(Integer)
2020-10-18 13:53:05,785 1292   [           main] DEBUG ansaction.jdbc.JdbcTransaction  - Rolling back JDBC Connection [com.mysql.jdbc.JDBC4Connection@3911c2a7]
2020-10-18 13:53:05,795 1302   [           main] DEBUG ansaction.jdbc.JdbcTransaction  - Resetting autocommit to true on JDBC Connection [com.mysql.jdbc.JDBC4Connection@3911c2a7]
2020-10-18 13:53:05,805 1312   [           main] DEBUG ansaction.jdbc.JdbcTransaction  - Closing JDBC Connection [com.mysql.jdbc.JDBC4Connection@3911c2a7]
2020-10-18 13:53:05,805 1312   [           main] DEBUG source.pooled.PooledDataSource  - Returned connection 957465255 to pool.
2020-10-18 13:54:29,527 0      [           main] DEBUG ache.ibatis.logging.LogFactory  - Logging initialized using 'class org.apache.ibatis.logging.log4j.Log4jImpl' adapter.
2020-10-18 13:54:29,602 75     [           main] DEBUG source.pooled.PooledDataSource  - PooledDataSource forcefully closed/removed all connections.
2020-10-18 13:54:29,602 75     [           main] DEBUG source.pooled.PooledDataSource  - PooledDataSource forcefully closed/removed all connections.
2020-10-18 13:54:29,602 75     [           main] DEBUG source.pooled.PooledDataSource  - PooledDataSource forcefully closed/removed all connections.
2020-10-18 13:54:29,602 75     [           main] DEBUG source.pooled.PooledDataSource  - PooledDataSource forcefully closed/removed all connections.
2020-10-18 13:54:29,663 136    [           main] DEBUG ansaction.jdbc.JdbcTransaction  - Opening JDBC Connection
2020-10-18 13:54:30,745 1218   [           main] DEBUG source.pooled.PooledDataSource  - Created connection 1031061344.
2020-10-18 13:54:30,746 1219   [           main] DEBUG ansaction.jdbc.JdbcTransaction  - Setting autocommit to false on JDBC Connection [com.mysql.jdbc.JDBC4Connection@3d74bf60]
2020-10-18 13:54:30,757 1230   [           main] DEBUG m.mybatis.dao.IUserDao.findAll  - ==>  Preparing: select * from user ; 
2020-10-18 13:54:30,781 1254   [           main] DEBUG m.mybatis.dao.IUserDao.findAll  - ==> Parameters: 
2020-10-18 13:54:30,803 1276   [           main] DEBUG m.mybatis.dao.IUserDao.findAll  - <==      Total: 5
2020-10-18 13:54:30,804 1277   [           main] DEBUG ansaction.jdbc.JdbcTransaction  - Resetting autocommit to true on JDBC Connection [com.mysql.jdbc.JDBC4Connection@3d74bf60]
2020-10-18 13:54:30,814 1287   [           main] DEBUG ansaction.jdbc.JdbcTransaction  - Closing JDBC Connection [com.mysql.jdbc.JDBC4Connection@3d74bf60]
2020-10-18 13:54:30,814 1287   [           main] DEBUG source.pooled.PooledDataSource  - Returned connection 1031061344 to pool.
2020-10-18 13:56:34,308 0      [           main] DEBUG ache.ibatis.logging.LogFactory  - Logging initialized using 'class org.apache.ibatis.logging.log4j.Log4jImpl' adapter.
2020-10-18 13:56:34,383 75     [           main] DEBUG source.pooled.PooledDataSource  - PooledDataSource forcefully closed/removed all connections.
2020-10-18 13:56:34,383 75     [           main] DEBUG source.pooled.PooledDataSource  - PooledDataSource forcefully closed/removed all connections.
2020-10-18 13:56:34,383 75     [           main] DEBUG source.pooled.PooledDataSource  - PooledDataSource forcefully closed/removed all connections.
2020-10-18 13:56:34,383 75     [           main] DEBUG source.pooled.PooledDataSource  - PooledDataSource forcefully closed/removed all connections.
2020-10-18 13:56:34,445 137    [           main] DEBUG ansaction.jdbc.JdbcTransaction  - Opening JDBC Connection
2020-10-18 13:56:35,560 1252   [           main] DEBUG source.pooled.PooledDataSource  - Created connection 957465255.
2020-10-18 13:56:35,560 1252   [           main] DEBUG ansaction.jdbc.JdbcTransaction  - Setting autocommit to false on JDBC Connection [com.mysql.jdbc.JDBC4Connection@3911c2a7]
2020-10-18 13:56:35,572 1264   [           main] DEBUG ybatis.dao.IUserDao.updateUser  - ==>  Preparing: insert user set username = ?,birthday = ?,sex =?,address = ? where id = ?; 
2020-10-18 13:56:35,598 1290   [           main] DEBUG ybatis.dao.IUserDao.updateUser  - ==> Parameters: 果冻(String), 2020-10-18 13:56:34.438(Timestamp), 男(String), 北京(String), 45(Integer)
2020-10-18 13:56:35,622 1314   [           main] DEBUG ansaction.jdbc.JdbcTransaction  - Committing JDBC Connection [com.mysql.jdbc.JDBC4Connection@3911c2a7]
2020-10-18 13:56:35,632 1324   [           main] DEBUG ansaction.jdbc.JdbcTransaction  - Resetting autocommit to true on JDBC Connection [com.mysql.jdbc.JDBC4Connection@3911c2a7]
2020-10-18 13:56:35,642 1334   [           main] DEBUG ansaction.jdbc.JdbcTransaction  - Closing JDBC Connection [com.mysql.jdbc.JDBC4Connection@3911c2a7]
2020-10-18 13:56:35,642 1334   [           main] DEBUG source.pooled.PooledDataSource  - Returned connection 957465255 to pool.
2020-10-18 13:59:32,344 0      [           main] DEBUG ache.ibatis.logging.LogFactory  - Logging initialized using 'class org.apache.ibatis.logging.log4j.Log4jImpl' adapter.
2020-10-18 13:59:32,421 77     [           main] DEBUG source.pooled.PooledDataSource  - PooledDataSource forcefully closed/removed all connections.
2020-10-18 13:59:32,421 77     [           main] DEBUG source.pooled.PooledDataSource  - PooledDataSource forcefully closed/removed all connections.
2020-10-18 13:59:32,421 77     [           main] DEBUG source.pooled.PooledDataSource  - PooledDataSource forcefully closed/removed all connections.
2020-10-18 13:59:32,421 77     [           main] DEBUG source.pooled.PooledDataSource  - PooledDataSource forcefully closed/removed all connections.
2020-10-18 13:59:32,480 136    [           main] DEBUG ansaction.jdbc.JdbcTransaction  - Opening JDBC Connection
2020-10-18 13:59:33,612 1268   [           main] DEBUG source.pooled.PooledDataSource  - Created connection 957465255.
2020-10-18 13:59:33,613 1269   [           main] DEBUG ansaction.jdbc.JdbcTransaction  - Setting autocommit to false on JDBC Connection [com.mysql.jdbc.JDBC4Connection@3911c2a7]
2020-10-18 13:59:33,625 1281   [           main] DEBUG ybatis.dao.IUserDao.updateUser  - ==>  Preparing: insert user set username = ?,birthday = ?,sex =?,address = ? where id = ?; 
2020-10-18 13:59:33,658 1314   [           main] DEBUG ybatis.dao.IUserDao.updateUser  - ==> Parameters: 果冻(String), 2020-10-18 13:59:32.474(Timestamp), 男(String), 北京(String), 45(Integer)
2020-10-18 13:59:33,681 1337   [           main] DEBUG ansaction.jdbc.JdbcTransaction  - Committing JDBC Connection [com.mysql.jdbc.JDBC4Connection@3911c2a7]
2020-10-18 13:59:33,691 1347   [           main] DEBUG ansaction.jdbc.JdbcTransaction  - Resetting autocommit to true on JDBC Connection [com.mysql.jdbc.JDBC4Connection@3911c2a7]
2020-10-18 13:59:33,701 1357   [           main] DEBUG ansaction.jdbc.JdbcTransaction  - Closing JDBC Connection [com.mysql.jdbc.JDBC4Connection@3911c2a7]
2020-10-18 13:59:33,702 1358   [           main] DEBUG source.pooled.PooledDataSource  - Returned connection 957465255 to pool.
2020-10-18 14:07:28,140 0      [           main] DEBUG ache.ibatis.logging.LogFactory  - Logging initialized using 'class org.apache.ibatis.logging.log4j.Log4jImpl' adapter.
2020-10-18 14:07:28,213 73     [           main] DEBUG source.pooled.PooledDataSource  - PooledDataSource forcefully closed/removed all connections.
2020-10-18 14:07:28,213 73     [           main] DEBUG source.pooled.PooledDataSource  - PooledDataSource forcefully closed/removed all connections.
2020-10-18 14:07:28,213 73     [           main] DEBUG source.pooled.PooledDataSource  - PooledDataSource forcefully closed/removed all connections.
2020-10-18 14:07:28,213 73     [           main] DEBUG source.pooled.PooledDataSource  - PooledDataSource forcefully closed/removed all connections.
2020-10-18 14:07:28,274 134    [           main] DEBUG ansaction.jdbc.JdbcTransaction  - Opening JDBC Connection
2020-10-18 14:07:29,370 1230   [           main] DEBUG source.pooled.PooledDataSource  - Created connection 957465255.
2020-10-18 14:07:29,370 1230   [           main] DEBUG ansaction.jdbc.JdbcTransaction  - Setting autocommit to false on JDBC Connection [com.mysql.jdbc.JDBC4Connection@3911c2a7]
2020-10-18 14:07:29,382 1242   [           main] DEBUG om.mybatis.dao.IUserDao.delete  - ==>  Preparing: delete from user where id = ?; 
2020-10-18 14:07:29,405 1265   [           main] DEBUG om.mybatis.dao.IUserDao.delete  - ==> Parameters: 41(Integer)
2020-10-18 14:07:29,427 1287   [           main] DEBUG om.mybatis.dao.IUserDao.delete  - <==    Updates: 1
2020-10-18 14:07:29,428 1288   [           main] DEBUG ansaction.jdbc.JdbcTransaction  - Committing JDBC Connection [com.mysql.jdbc.JDBC4Connection@3911c2a7]
2020-10-18 14:07:29,441 1301   [           main] DEBUG ansaction.jdbc.JdbcTransaction  - Resetting autocommit to true on JDBC Connection [com.mysql.jdbc.JDBC4Connection@3911c2a7]
2020-10-18 14:07:29,452 1312   [           main] DEBUG ansaction.jdbc.JdbcTransaction  - Closing JDBC Connection [com.mysql.jdbc.JDBC4Connection@3911c2a7]
2020-10-18 14:07:29,452 1312   [           main] DEBUG source.pooled.PooledDataSource  - Returned connection 957465255 to pool.
2020-10-18 14:09:07,567 0      [           main] DEBUG ache.ibatis.logging.LogFactory  - Logging initialized using 'class org.apache.ibatis.logging.log4j.Log4jImpl' adapter.
2020-10-18 14:09:07,642 75     [           main] DEBUG source.pooled.PooledDataSource  - PooledDataSource forcefully closed/removed all connections.
2020-10-18 14:09:07,643 76     [           main] DEBUG source.pooled.PooledDataSource  - PooledDataSource forcefully closed/removed all connections.
2020-10-18 14:09:07,643 76     [           main] DEBUG source.pooled.PooledDataSource  - PooledDataSource forcefully closed/removed all connections.
2020-10-18 14:09:07,643 76     [           main] DEBUG source.pooled.PooledDataSource  - PooledDataSource forcefully closed/removed all connections.
2020-10-18 14:09:07,702 135    [           main] DEBUG ansaction.jdbc.JdbcTransaction  - Opening JDBC Connection
2020-10-18 14:09:08,759 1192   [           main] DEBUG source.pooled.PooledDataSource  - Created connection 957465255.
2020-10-18 14:09:08,759 1192   [           main] DEBUG ansaction.jdbc.JdbcTransaction  - Setting autocommit to false on JDBC Connection [com.mysql.jdbc.JDBC4Connection@3911c2a7]
2020-10-18 14:09:08,772 1205   [           main] DEBUG ybatis.dao.IUserDao.updateUser  - ==>  Preparing: insert user set username = ?,birthday = ?,sex =?,address = ? where id = ?; 
2020-10-18 14:09:08,802 1235   [           main] DEBUG ybatis.dao.IUserDao.updateUser  - ==> Parameters: 果冻(String), 2020-10-18 14:09:07.695(Timestamp), 男(String), 北京(String), 45(Integer)
2020-10-18 14:09:08,824 1257   [           main] DEBUG ansaction.jdbc.JdbcTransaction  - Committing JDBC Connection [com.mysql.jdbc.JDBC4Connection@3911c2a7]
2020-10-18 14:09:08,834 1267   [           main] DEBUG ansaction.jdbc.JdbcTransaction  - Resetting autocommit to true on JDBC Connection [com.mysql.jdbc.JDBC4Connection@3911c2a7]
2020-10-18 14:09:08,844 1277   [           main] DEBUG ansaction.jdbc.JdbcTransaction  - Closing JDBC Connection [com.mysql.jdbc.JDBC4Connection@3911c2a7]
2020-10-18 14:09:08,845 1278   [           main] DEBUG source.pooled.PooledDataSource  - Returned connection 957465255 to pool.
2020-10-18 14:12:09,646 0      [           main] DEBUG ache.ibatis.logging.LogFactory  - Logging initialized using 'class org.apache.ibatis.logging.log4j.Log4jImpl' adapter.
2020-10-18 14:12:09,722 76     [           main] DEBUG source.pooled.PooledDataSource  - PooledDataSource forcefully closed/removed all connections.
2020-10-18 14:12:09,722 76     [           main] DEBUG source.pooled.PooledDataSource  - PooledDataSource forcefully closed/removed all connections.
2020-10-18 14:12:09,722 76     [           main] DEBUG source.pooled.PooledDataSource  - PooledDataSource forcefully closed/removed all connections.
2020-10-18 14:12:09,722 76     [           main] DEBUG source.pooled.PooledDataSource  - PooledDataSource forcefully closed/removed all connections.
2020-10-18 14:12:09,782 136    [           main] DEBUG ansaction.jdbc.JdbcTransaction  - Opening JDBC Connection
2020-10-18 14:12:10,853 1207   [           main] DEBUG source.pooled.PooledDataSource  - Created connection 957465255.
2020-10-18 14:12:10,854 1208   [           main] DEBUG ansaction.jdbc.JdbcTransaction  - Setting autocommit to false on JDBC Connection [com.mysql.jdbc.JDBC4Connection@3911c2a7]
2020-10-18 14:12:10,866 1220   [           main] DEBUG ybatis.dao.IUserDao.updateUser  - ==>  Preparing: update user set username = ?,birthday = ?,sex =?,address = ? where id = ?; 
2020-10-18 14:12:10,899 1253   [           main] DEBUG ybatis.dao.IUserDao.updateUser  - ==> Parameters: 果冻(String), 2020-10-18 14:12:09.775(Timestamp), 男(String), 北京(String), 45(Integer)
2020-10-18 14:12:10,919 1273   [           main] DEBUG ybatis.dao.IUserDao.updateUser  - <==    Updates: 1
2020-10-18 14:12:10,919 1273   [           main] DEBUG ansaction.jdbc.JdbcTransaction  - Committing JDBC Connection [com.mysql.jdbc.JDBC4Connection@3911c2a7]
2020-10-18 14:12:10,931 1285   [           main] DEBUG ansaction.jdbc.JdbcTransaction  - Resetting autocommit to true on JDBC Connection [com.mysql.jdbc.JDBC4Connection@3911c2a7]
2020-10-18 14:12:10,942 1296   [           main] DEBUG ansaction.jdbc.JdbcTransaction  - Closing JDBC Connection [com.mysql.jdbc.JDBC4Connection@3911c2a7]
2020-10-18 14:12:10,942 1296   [           main] DEBUG source.pooled.PooledDataSource  - Returned connection 957465255 to pool.
2020-10-18 17:00:34,804 0      [           main] DEBUG ache.ibatis.logging.LogFactory  - Logging initialized using 'class org.apache.ibatis.logging.log4j.Log4jImpl' adapter.
2020-10-18 17:00:34,890 86     [           main] DEBUG source.pooled.PooledDataSource  - PooledDataSource forcefully closed/removed all connections.
2020-10-18 17:00:34,890 86     [           main] DEBUG source.pooled.PooledDataSource  - PooledDataSource forcefully closed/removed all connections.
2020-10-18 17:00:34,890 86     [           main] DEBUG source.pooled.PooledDataSource  - PooledDataSource forcefully closed/removed all connections.
2020-10-18 17:00:34,891 87     [           main] DEBUG source.pooled.PooledDataSource  - PooledDataSource forcefully closed/removed all connections.
2020-10-18 17:00:34,959 155    [           main] DEBUG ansaction.jdbc.JdbcTransaction  - Opening JDBC Connection
2020-10-18 17:00:36,098 1294   [           main] DEBUG source.pooled.PooledDataSource  - Created connection 367746789.
2020-10-18 17:00:36,098 1294   [           main] DEBUG ansaction.jdbc.JdbcTransaction  - Setting autocommit to false on JDBC Connection [com.mysql.jdbc.JDBC4Connection@15eb5ee5]
2020-10-18 17:00:36,110 1306   [           main] DEBUG ybatis.dao.IUserDao.findUserId  - ==>  Preparing: select * from user where id = ?; 
2020-10-18 17:00:36,133 1329   [           main] DEBUG ybatis.dao.IUserDao.findUserId  - ==> Parameters: 45(Integer)
2020-10-18 17:00:36,158 1354   [           main] DEBUG ybatis.dao.IUserDao.findUserId  - <==      Total: 1
2020-10-18 17:00:36,159 1355   [           main] DEBUG ansaction.jdbc.JdbcTransaction  - Resetting autocommit to true on JDBC Connection [com.mysql.jdbc.JDBC4Connection@15eb5ee5]
2020-10-18 17:00:36,169 1365   [           main] DEBUG ansaction.jdbc.JdbcTransaction  - Closing JDBC Connection [com.mysql.jdbc.JDBC4Connection@15eb5ee5]
2020-10-18 17:00:36,170 1366   [           main] DEBUG source.pooled.PooledDataSource  - Returned connection 367746789 to pool.
2020-10-18 17:05:52,167 0      [           main] DEBUG ache.ibatis.logging.LogFactory  - Logging initialized using 'class org.apache.ibatis.logging.log4j.Log4jImpl' adapter.
2020-10-18 17:05:52,241 74     [           main] DEBUG source.pooled.PooledDataSource  - PooledDataSource forcefully closed/removed all connections.
2020-10-18 17:05:52,241 74     [           main] DEBUG source.pooled.PooledDataSource  - PooledDataSource forcefully closed/removed all connections.
2020-10-18 17:05:52,241 74     [           main] DEBUG source.pooled.PooledDataSource  - PooledDataSource forcefully closed/removed all connections.
2020-10-18 17:05:52,241 74     [           main] DEBUG source.pooled.PooledDataSource  - PooledDataSource forcefully closed/removed all connections.
2020-10-18 17:05:52,305 138    [           main] DEBUG ansaction.jdbc.JdbcTransaction  - Opening JDBC Connection
2020-10-18 17:05:53,416 1249   [           main] DEBUG source.pooled.PooledDataSource  - Created connection 1031061344.
2020-10-18 17:05:53,417 1250   [           main] DEBUG ansaction.jdbc.JdbcTransaction  - Setting autocommit to false on JDBC Connection [com.mysql.jdbc.JDBC4Connection@3d74bf60]
2020-10-18 17:05:53,429 1262   [           main] DEBUG mybatis.dao.IUserDao.findTotal  - ==>  Preparing: select count (id) from user; 
2020-10-18 17:05:53,454 1287   [           main] DEBUG mybatis.dao.IUserDao.findTotal  - ==> Parameters: 
2020-10-18 17:05:53,467 1300   [           main] DEBUG ansaction.jdbc.JdbcTransaction  - Resetting autocommit to true on JDBC Connection [com.mysql.jdbc.JDBC4Connection@3d74bf60]
2020-10-18 17:05:53,479 1312   [           main] DEBUG ansaction.jdbc.JdbcTransaction  - Closing JDBC Connection [com.mysql.jdbc.JDBC4Connection@3d74bf60]
2020-10-18 17:05:53,479 1312   [           main] DEBUG source.pooled.PooledDataSource  - Returned connection 1031061344 to pool.
2020-10-18 17:08:09,834 0      [           main] DEBUG ache.ibatis.logging.LogFactory  - Logging initialized using 'class org.apache.ibatis.logging.log4j.Log4jImpl' adapter.
2020-10-18 17:08:09,910 76     [           main] DEBUG source.pooled.PooledDataSource  - PooledDataSource forcefully closed/removed all connections.
2020-10-18 17:08:09,910 76     [           main] DEBUG source.pooled.PooledDataSource  - PooledDataSource forcefully closed/removed all connections.
2020-10-18 17:08:09,910 76     [           main] DEBUG source.pooled.PooledDataSource  - PooledDataSource forcefully closed/removed all connections.
2020-10-18 17:08:09,910 76     [           main] DEBUG source.pooled.PooledDataSource  - PooledDataSource forcefully closed/removed all connections.
2020-10-18 17:08:09,978 144    [           main] DEBUG ansaction.jdbc.JdbcTransaction  - Opening JDBC Connection
2020-10-18 17:08:11,092 1258   [           main] DEBUG source.pooled.PooledDataSource  - Created connection 367746789.
2020-10-18 17:08:11,092 1258   [           main] DEBUG ansaction.jdbc.JdbcTransaction  - Setting autocommit to false on JDBC Connection [com.mysql.jdbc.JDBC4Connection@15eb5ee5]
2020-10-18 17:08:11,104 1270   [           main] DEBUG ybatis.dao.IUserDao.findUserId  - ==>  Preparing: select * from user where id = ?; 
2020-10-18 17:08:11,130 1296   [           main] DEBUG ybatis.dao.IUserDao.findUserId  - ==> Parameters: 45(Integer)
2020-10-18 17:08:11,153 1319   [           main] DEBUG ybatis.dao.IUserDao.findUserId  - <==      Total: 1
2020-10-18 17:08:11,154 1320   [           main] DEBUG ansaction.jdbc.JdbcTransaction  - Resetting autocommit to true on JDBC Connection [com.mysql.jdbc.JDBC4Connection@15eb5ee5]
2020-10-18 17:08:11,164 1330   [           main] DEBUG ansaction.jdbc.JdbcTransaction  - Closing JDBC Connection [com.mysql.jdbc.JDBC4Connection@15eb5ee5]
2020-10-18 17:08:11,165 1331   [           main] DEBUG source.pooled.PooledDataSource  - Returned connection 367746789 to pool.
2020-10-18 17:08:26,292 0      [           main] DEBUG ache.ibatis.logging.LogFactory  - Logging initialized using 'class org.apache.ibatis.logging.log4j.Log4jImpl' adapter.
2020-10-18 17:08:26,368 76     [           main] DEBUG source.pooled.PooledDataSource  - PooledDataSource forcefully closed/removed all connections.
2020-10-18 17:08:26,368 76     [           main] DEBUG source.pooled.PooledDataSource  - PooledDataSource forcefully closed/removed all connections.
2020-10-18 17:08:26,368 76     [           main] DEBUG source.pooled.PooledDataSource  - PooledDataSource forcefully closed/removed all connections.
2020-10-18 17:08:26,368 76     [           main] DEBUG source.pooled.PooledDataSource  - PooledDataSource forcefully closed/removed all connections.
2020-10-18 17:08:26,465 173    [           main] DEBUG ansaction.jdbc.JdbcTransaction  - Opening JDBC Connection
2020-10-18 17:08:27,633 1341   [           main] DEBUG source.pooled.PooledDataSource  - Created connection 1031061344.
2020-10-18 17:08:27,634 1342   [           main] DEBUG ansaction.jdbc.JdbcTransaction  - Setting autocommit to false on JDBC Connection [com.mysql.jdbc.JDBC4Connection@3d74bf60]
2020-10-18 17:08:27,646 1354   [           main] DEBUG mybatis.dao.IUserDao.findTotal  - ==>  Preparing: select count (id) from user; 
2020-10-18 17:08:27,668 1376   [           main] DEBUG mybatis.dao.IUserDao.findTotal  - ==> Parameters: 
2020-10-18 17:08:27,680 1388   [           main] DEBUG ansaction.jdbc.JdbcTransaction  - Resetting autocommit to true on JDBC Connection [com.mysql.jdbc.JDBC4Connection@3d74bf60]
2020-10-18 17:08:27,690 1398   [           main] DEBUG ansaction.jdbc.JdbcTransaction  - Closing JDBC Connection [com.mysql.jdbc.JDBC4Connection@3d74bf60]
2020-10-18 17:08:27,690 1398   [           main] DEBUG source.pooled.PooledDataSource  - Returned connection 1031061344 to pool.
2020-10-18 17:10:49,049 0      [           main] DEBUG ache.ibatis.logging.LogFactory  - Logging initialized using 'class org.apache.ibatis.logging.log4j.Log4jImpl' adapter.
2020-10-18 17:10:49,123 74     [           main] DEBUG source.pooled.PooledDataSource  - PooledDataSource forcefully closed/removed all connections.
2020-10-18 17:10:49,123 74     [           main] DEBUG source.pooled.PooledDataSource  - PooledDataSource forcefully closed/removed all connections.
2020-10-18 17:10:49,123 74     [           main] DEBUG source.pooled.PooledDataSource  - PooledDataSource forcefully closed/removed all connections.
2020-10-18 17:10:49,124 75     [           main] DEBUG source.pooled.PooledDataSource  - PooledDataSource forcefully closed/removed all connections.
2020-10-18 17:10:49,184 135    [           main] DEBUG ansaction.jdbc.JdbcTransaction  - Opening JDBC Connection
2020-10-18 17:10:50,263 1214   [           main] DEBUG source.pooled.PooledDataSource  - Created connection 1031061344.
2020-10-18 17:10:50,263 1214   [           main] DEBUG ansaction.jdbc.JdbcTransaction  - Setting autocommit to false on JDBC Connection [com.mysql.jdbc.JDBC4Connection@3d74bf60]
2020-10-18 17:10:50,274 1225   [           main] DEBUG mybatis.dao.IUserDao.findTotal  - ==>  Preparing: select count(id) from user; 
2020-10-18 17:10:50,296 1247   [           main] DEBUG mybatis.dao.IUserDao.findTotal  - ==> Parameters: 
2020-10-18 17:10:50,318 1269   [           main] DEBUG mybatis.dao.IUserDao.findTotal  - <==      Total: 1
2020-10-18 17:10:50,319 1270   [           main] DEBUG ansaction.jdbc.JdbcTransaction  - Resetting autocommit to true on JDBC Connection [com.mysql.jdbc.JDBC4Connection@3d74bf60]
2020-10-18 17:10:50,329 1280   [           main] DEBUG ansaction.jdbc.JdbcTransaction  - Closing JDBC Connection [com.mysql.jdbc.JDBC4Connection@3d74bf60]
2020-10-18 17:10:50,329 1280   [           main] DEBUG source.pooled.PooledDataSource  - Returned connection 1031061344 to pool.
2020-10-18 17:11:03,613 0      [           main] DEBUG ache.ibatis.logging.LogFactory  - Logging initialized using 'class org.apache.ibatis.logging.log4j.Log4jImpl' adapter.
2020-10-18 17:11:03,689 76     [           main] DEBUG source.pooled.PooledDataSource  - PooledDataSource forcefully closed/removed all connections.
2020-10-18 17:11:03,690 77     [           main] DEBUG source.pooled.PooledDataSource  - PooledDataSource forcefully closed/removed all connections.
2020-10-18 17:11:03,690 77     [           main] DEBUG source.pooled.PooledDataSource  - PooledDataSource forcefully closed/removed all connections.
2020-10-18 17:11:03,690 77     [           main] DEBUG source.pooled.PooledDataSource  - PooledDataSource forcefully closed/removed all connections.
2020-10-18 17:11:03,749 136    [           main] DEBUG ansaction.jdbc.JdbcTransaction  - Opening JDBC Connection
2020-10-18 17:11:04,855 1242   [           main] DEBUG source.pooled.PooledDataSource  - Created connection 1031061344.
2020-10-18 17:11:04,855 1242   [           main] DEBUG ansaction.jdbc.JdbcTransaction  - Setting autocommit to false on JDBC Connection [com.mysql.jdbc.JDBC4Connection@3d74bf60]
2020-10-18 17:11:04,866 1253   [           main] DEBUG mybatis.dao.IUserDao.findTotal  - ==>  Preparing: select count (id) from user; 
2020-10-18 17:11:04,895 1282   [           main] DEBUG mybatis.dao.IUserDao.findTotal  - ==> Parameters: 
2020-10-18 17:11:04,908 1295   [           main] DEBUG ansaction.jdbc.JdbcTransaction  - Resetting autocommit to true on JDBC Connection [com.mysql.jdbc.JDBC4Connection@3d74bf60]
2020-10-18 17:11:04,917 1304   [           main] DEBUG ansaction.jdbc.JdbcTransaction  - Closing JDBC Connection [com.mysql.jdbc.JDBC4Connection@3d74bf60]
2020-10-18 17:11:04,917 1304   [           main] DEBUG source.pooled.PooledDataSource  - Returned connection 1031061344 to pool.
2020-10-18 17:37:11,692 0      [           main] DEBUG ache.ibatis.logging.LogFactory  - Logging initialized using 'class org.apache.ibatis.logging.log4j.Log4jImpl' adapter.
2020-10-18 17:37:11,768 76     [           main] DEBUG source.pooled.PooledDataSource  - PooledDataSource forcefully closed/removed all connections.
2020-10-18 17:37:11,768 76     [           main] DEBUG source.pooled.PooledDataSource  - PooledDataSource forcefully closed/removed all connections.
2020-10-18 17:37:11,768 76     [           main] DEBUG source.pooled.PooledDataSource  - PooledDataSource forcefully closed/removed all connections.
2020-10-18 17:37:11,769 77     [           main] DEBUG source.pooled.PooledDataSource  - PooledDataSource forcefully closed/removed all connections.
2020-10-18 17:37:41,135 0      [           main] DEBUG ache.ibatis.logging.LogFactory  - Logging initialized using 'class org.apache.ibatis.logging.log4j.Log4jImpl' adapter.
2020-10-18 17:37:41,212 77     [           main] DEBUG source.pooled.PooledDataSource  - PooledDataSource forcefully closed/removed all connections.
2020-10-18 17:37:41,213 78     [           main] DEBUG source.pooled.PooledDataSource  - PooledDataSource forcefully closed/removed all connections.
2020-10-18 17:37:41,213 78     [           main] DEBUG source.pooled.PooledDataSource  - PooledDataSource forcefully closed/removed all connections.
2020-10-18 17:37:41,213 78     [           main] DEBUG source.pooled.PooledDataSource  - PooledDataSource forcefully closed/removed all connections.
2020-10-18 17:37:41,278 143    [           main] DEBUG ansaction.jdbc.JdbcTransaction  - Opening JDBC Connection
2020-10-18 17:37:42,345 1210   [           main] DEBUG source.pooled.PooledDataSource  - Created connection 558216562.
2020-10-18 17:37:42,345 1210   [           main] DEBUG ansaction.jdbc.JdbcTransaction  - Setting autocommit to false on JDBC Connection [com.mysql.jdbc.JDBC4Connection@2145b572]
2020-10-18 17:37:42,357 1222   [           main] DEBUG om.mybatis.dao.IUserDao.findVo  - ==>  Preparing: select * from user where id like ?; 
2020-10-18 17:37:42,380 1245   [           main] DEBUG om.mybatis.dao.IUserDao.findVo  - ==> Parameters: %果%(String)
2020-10-18 17:37:42,403 1268   [           main] DEBUG om.mybatis.dao.IUserDao.findVo  - <==      Total: 0
2020-10-18 17:37:42,404 1269   [           main] DEBUG ansaction.jdbc.JdbcTransaction  - Resetting autocommit to true on JDBC Connection [com.mysql.jdbc.JDBC4Connection@2145b572]
2020-10-18 17:37:42,414 1279   [           main] DEBUG ansaction.jdbc.JdbcTransaction  - Closing JDBC Connection [com.mysql.jdbc.JDBC4Connection@2145b572]
2020-10-18 17:37:42,414 1279   [           main] DEBUG source.pooled.PooledDataSource  - Returned connection 558216562 to pool.
2020-10-18 17:38:16,084 0      [           main] DEBUG ache.ibatis.logging.LogFactory  - Logging initialized using 'class org.apache.ibatis.logging.log4j.Log4jImpl' adapter.
2020-10-18 17:38:16,157 73     [           main] DEBUG source.pooled.PooledDataSource  - PooledDataSource forcefully closed/removed all connections.
2020-10-18 17:38:16,157 73     [           main] DEBUG source.pooled.PooledDataSource  - PooledDataSource forcefully closed/removed all connections.
2020-10-18 17:38:16,157 73     [           main] DEBUG source.pooled.PooledDataSource  - PooledDataSource forcefully closed/removed all connections.
2020-10-18 17:38:16,157 73     [           main] DEBUG source.pooled.PooledDataSource  - PooledDataSource forcefully closed/removed all connections.
2020-10-18 17:38:16,220 136    [           main] DEBUG ansaction.jdbc.JdbcTransaction  - Opening JDBC Connection
2020-10-18 17:38:17,314 1230   [           main] DEBUG source.pooled.PooledDataSource  - Created connection 1327536153.
2020-10-18 17:38:17,314 1230   [           main] DEBUG ansaction.jdbc.JdbcTransaction  - Setting autocommit to false on JDBC Connection [com.mysql.jdbc.JDBC4Connection@4f209819]
2020-10-18 17:38:17,326 1242   [           main] DEBUG mybatis.dao.IUserDao.findTotal  - ==>  Preparing: select count(id) from user; 
2020-10-18 17:38:17,349 1265   [           main] DEBUG mybatis.dao.IUserDao.findTotal  - ==> Parameters: 
2020-10-18 17:38:17,374 1290   [           main] DEBUG mybatis.dao.IUserDao.findTotal  - <==      Total: 1
2020-10-18 17:38:17,375 1291   [           main] DEBUG ansaction.jdbc.JdbcTransaction  - Resetting autocommit to true on JDBC Connection [com.mysql.jdbc.JDBC4Connection@4f209819]
2020-10-18 17:38:17,385 1301   [           main] DEBUG ansaction.jdbc.JdbcTransaction  - Closing JDBC Connection [com.mysql.jdbc.JDBC4Connection@4f209819]
2020-10-18 17:38:17,385 1301   [           main] DEBUG source.pooled.PooledDataSource  - Returned connection 1327536153 to pool.
2020-10-18 17:40:19,004 0      [           main] DEBUG ache.ibatis.logging.LogFactory  - Logging initialized using 'class org.apache.ibatis.logging.log4j.Log4jImpl' adapter.
2020-10-18 17:40:19,080 76     [           main] DEBUG source.pooled.PooledDataSource  - PooledDataSource forcefully closed/removed all connections.
2020-10-18 17:40:19,080 76     [           main] DEBUG source.pooled.PooledDataSource  - PooledDataSource forcefully closed/removed all connections.
2020-10-18 17:40:19,080 76     [           main] DEBUG source.pooled.PooledDataSource  - PooledDataSource forcefully closed/removed all connections.
2020-10-18 17:40:19,080 76     [           main] DEBUG source.pooled.PooledDataSource  - PooledDataSource forcefully closed/removed all connections.
2020-10-18 17:40:19,142 138    [           main] DEBUG ansaction.jdbc.JdbcTransaction  - Opening JDBC Connection
2020-10-18 17:40:20,266 1262   [           main] DEBUG source.pooled.PooledDataSource  - Created connection 1254344205.
2020-10-18 17:40:20,267 1263   [           main] DEBUG ansaction.jdbc.JdbcTransaction  - Setting autocommit to false on JDBC Connection [com.mysql.jdbc.JDBC4Connection@4ac3c60d]
2020-10-18 17:40:20,279 1275   [           main] DEBUG om.mybatis.dao.IUserDao.delete  - ==>  Preparing: delete from user where ids = ?; 
2020-10-18 17:40:20,305 1301   [           main] DEBUG om.mybatis.dao.IUserDao.delete  - ==> Parameters: 45(Integer)
2020-10-18 17:40:20,327 1323   [           main] DEBUG ansaction.jdbc.JdbcTransaction  - Committing JDBC Connection [com.mysql.jdbc.JDBC4Connection@4ac3c60d]
2020-10-18 17:40:20,337 1333   [           main] DEBUG ansaction.jdbc.JdbcTransaction  - Resetting autocommit to true on JDBC Connection [com.mysql.jdbc.JDBC4Connection@4ac3c60d]
2020-10-18 17:40:20,347 1343   [           main] DEBUG ansaction.jdbc.JdbcTransaction  - Closing JDBC Connection [com.mysql.jdbc.JDBC4Connection@4ac3c60d]
2020-10-18 17:40:20,348 1344   [           main] DEBUG source.pooled.PooledDataSource  - Returned connection 1254344205 to pool.
2020-10-18 17:41:27,194 0      [           main] DEBUG ache.ibatis.logging.LogFactory  - Logging initialized using 'class org.apache.ibatis.logging.log4j.Log4jImpl' adapter.
2020-10-18 17:41:27,274 80     [           main] DEBUG source.pooled.PooledDataSource  - PooledDataSource forcefully closed/removed all connections.
2020-10-18 17:41:27,274 80     [           main] DEBUG source.pooled.PooledDataSource  - PooledDataSource forcefully closed/removed all connections.
2020-10-18 17:41:27,274 80     [           main] DEBUG source.pooled.PooledDataSource  - PooledDataSource forcefully closed/removed all connections.
2020-10-18 17:41:27,274 80     [           main] DEBUG source.pooled.PooledDataSource  - PooledDataSource forcefully closed/removed all connections.
2020-10-18 17:41:27,340 146    [           main] DEBUG ansaction.jdbc.JdbcTransaction  - Opening JDBC Connection
2020-10-18 17:41:28,437 1243   [           main] DEBUG source.pooled.PooledDataSource  - Created connection 558216562.
2020-10-18 17:41:28,437 1243   [           main] DEBUG ansaction.jdbc.JdbcTransaction  - Setting autocommit to false on JDBC Connection [com.mysql.jdbc.JDBC4Connection@2145b572]
2020-10-18 17:41:28,450 1256   [           main] DEBUG om.mybatis.dao.IUserDao.findVo  - ==>  Preparing: select * from user where username like ?; 
2020-10-18 17:41:28,477 1283   [           main] DEBUG om.mybatis.dao.IUserDao.findVo  - ==> Parameters: %果%(String)
2020-10-18 17:41:28,501 1307   [           main] DEBUG om.mybatis.dao.IUserDao.findVo  - <==      Total: 2
2020-10-18 17:41:28,501 1307   [           main] DEBUG ansaction.jdbc.JdbcTransaction  - Resetting autocommit to true on JDBC Connection [com.mysql.jdbc.JDBC4Connection@2145b572]
2020-10-18 17:41:28,512 1318   [           main] DEBUG ansaction.jdbc.JdbcTransaction  - Closing JDBC Connection [com.mysql.jdbc.JDBC4Connection@2145b572]
2020-10-18 17:41:28,512 1318   [           main] DEBUG source.pooled.PooledDataSource  - Returned connection 558216562 to pool.
2020-10-18 22:04:53,762 0      [           main] DEBUG ache.ibatis.logging.LogFactory  - Logging initialized using 'class org.apache.ibatis.logging.log4j.Log4jImpl' adapter.
2020-10-18 22:04:53,883 121    [           main] DEBUG source.pooled.PooledDataSource  - PooledDataSource forcefully closed/removed all connections.
2020-10-18 22:04:53,883 121    [           main] DEBUG source.pooled.PooledDataSource  - PooledDataSource forcefully closed/removed all connections.
2020-10-18 22:04:53,883 121    [           main] DEBUG source.pooled.PooledDataSource  - PooledDataSource forcefully closed/removed all connections.
2020-10-18 22:04:53,883 121    [           main] DEBUG source.pooled.PooledDataSource  - PooledDataSource forcefully closed/removed all connections.
2020-10-18 22:04:53,954 192    [           main] DEBUG ansaction.jdbc.JdbcTransaction  - Opening JDBC Connection
2020-10-18 22:04:55,134 1372   [           main] DEBUG source.pooled.PooledDataSource  - Created connection 367746789.
2020-10-18 22:04:55,135 1373   [           main] DEBUG ansaction.jdbc.JdbcTransaction  - Setting autocommit to false on JDBC Connection [com.mysql.jdbc.JDBC4Connection@15eb5ee5]
2020-10-18 22:04:55,147 1385   [           main] DEBUG m.mybatis.dao.IUserDao.findAll  - ==>  Preparing: select * from user ; 
2020-10-18 22:04:55,170 1408   [           main] DEBUG m.mybatis.dao.IUserDao.findAll  - ==> Parameters: 
2020-10-18 22:04:55,192 1430   [           main] DEBUG m.mybatis.dao.IUserDao.findAll  - <==      Total: 4
2020-10-18 22:04:55,193 1431   [           main] DEBUG ansaction.jdbc.JdbcTransaction  - Resetting autocommit to true on JDBC Connection [com.mysql.jdbc.JDBC4Connection@15eb5ee5]
2020-10-18 22:04:55,203 1441   [           main] DEBUG ansaction.jdbc.JdbcTransaction  - Closing JDBC Connection [com.mysql.jdbc.JDBC4Connection@15eb5ee5]
2020-10-18 22:04:55,203 1441   [           main] DEBUG source.pooled.PooledDataSource  - Returned connection 367746789 to pool.
2020-10-18 22:07:59,547 0      [           main] DEBUG ache.ibatis.logging.LogFactory  - Logging initialized using 'class org.apache.ibatis.logging.log4j.Log4jImpl' adapter.
2020-10-18 22:07:59,621 74     [           main] DEBUG source.pooled.PooledDataSource  - PooledDataSource forcefully closed/removed all connections.
2020-10-18 22:07:59,621 74     [           main] DEBUG source.pooled.PooledDataSource  - PooledDataSource forcefully closed/removed all connections.
2020-10-18 22:07:59,621 74     [           main] DEBUG source.pooled.PooledDataSource  - PooledDataSource forcefully closed/removed all connections.
2020-10-18 22:07:59,621 74     [           main] DEBUG source.pooled.PooledDataSource  - PooledDataSource forcefully closed/removed all connections.
2020-10-18 22:07:59,685 138    [           main] DEBUG ansaction.jdbc.JdbcTransaction  - Opening JDBC Connection
2020-10-18 22:08:00,770 1223   [           main] DEBUG source.pooled.PooledDataSource  - Created connection 1327536153.
2020-10-18 22:08:00,770 1223   [           main] DEBUG ansaction.jdbc.JdbcTransaction  - Setting autocommit to false on JDBC Connection [com.mysql.jdbc.JDBC4Connection@4f209819]
2020-10-18 22:08:00,781 1234   [           main] DEBUG m.mybatis.dao.IUserDao.findAll  - ==>  Preparing: select * from user ; 
2020-10-18 22:08:00,806 1259   [           main] DEBUG m.mybatis.dao.IUserDao.findAll  - ==> Parameters: 
2020-10-18 22:08:00,830 1283   [           main] DEBUG m.mybatis.dao.IUserDao.findAll  - <==      Total: 4
2020-10-18 22:08:00,831 1284   [           main] DEBUG ansaction.jdbc.JdbcTransaction  - Resetting autocommit to true on JDBC Connection [com.mysql.jdbc.JDBC4Connection@4f209819]
2020-10-18 22:08:00,841 1294   [           main] DEBUG ansaction.jdbc.JdbcTransaction  - Closing JDBC Connection [com.mysql.jdbc.JDBC4Connection@4f209819]
2020-10-18 22:08:00,841 1294   [           main] DEBUG source.pooled.PooledDataSource  - Returned connection 1327536153 to pool.
2020-10-18 22:13:30,066 0      [           main] DEBUG ache.ibatis.logging.LogFactory  - Logging initialized using 'class org.apache.ibatis.logging.log4j.Log4jImpl' adapter.
2020-10-18 22:13:30,143 77     [           main] DEBUG source.pooled.PooledDataSource  - PooledDataSource forcefully closed/removed all connections.
2020-10-18 22:13:30,143 77     [           main] DEBUG source.pooled.PooledDataSource  - PooledDataSource forcefully closed/removed all connections.
2020-10-18 22:13:30,143 77     [           main] DEBUG source.pooled.PooledDataSource  - PooledDataSource forcefully closed/removed all connections.
2020-10-18 22:13:30,143 77     [           main] DEBUG source.pooled.PooledDataSource  - PooledDataSource forcefully closed/removed all connections.
2020-10-18 22:13:30,210 144    [           main] DEBUG ansaction.jdbc.JdbcTransaction  - Opening JDBC Connection
2020-10-18 22:13:31,366 1300   [           main] DEBUG source.pooled.PooledDataSource  - Created connection 1327536153.
2020-10-18 22:13:31,366 1300   [           main] DEBUG ansaction.jdbc.JdbcTransaction  - Setting autocommit to false on JDBC Connection [com.mysql.jdbc.JDBC4Connection@4f209819]
2020-10-18 22:13:31,379 1313   [           main] DEBUG m.mybatis.dao.IUserDao.findAll  - ==>  Preparing: select * from user ; 
2020-10-18 22:13:31,401 1335   [           main] DEBUG m.mybatis.dao.IUserDao.findAll  - ==> Parameters: 
2020-10-18 22:13:31,422 1356   [           main] DEBUG m.mybatis.dao.IUserDao.findAll  - <==      Total: 4
2020-10-18 22:13:31,423 1357   [           main] DEBUG ansaction.jdbc.JdbcTransaction  - Resetting autocommit to true on JDBC Connection [com.mysql.jdbc.JDBC4Connection@4f209819]
2020-10-18 22:13:31,434 1368   [           main] DEBUG ansaction.jdbc.JdbcTransaction  - Closing JDBC Connection [com.mysql.jdbc.JDBC4Connection@4f209819]
2020-10-18 22:13:31,434 1368   [           main] DEBUG source.pooled.PooledDataSource  - Returned connection 1327536153 to pool.
